2025-05-19 13:36:54,785 - INFO - Starting the MLflow pipeline
2025-05-19 13:36:54,786 - WARNING - Malformed experiment '235389369716380414'. Detailed error Yaml file './mlruns/235389369716380414/meta.yaml' does not exist.
Traceback (most recent call last):
  File "/home/mansi_ta/miniconda3/envs/fsds-env/lib/python3.11/site-packages/mlflow/store/tracking/file_store.py", line 329, in search_experiments
    exp = self._get_experiment(exp_id, view_type)
          ^^^^^^^^^^^^^^^^^^^^^^^^^^^^^^^^^^^^^^^
  File "/home/mansi_ta/miniconda3/envs/fsds-env/lib/python3.11/site-packages/mlflow/store/tracking/file_store.py", line 427, in _get_experiment
    meta = FileStore._read_yaml(experiment_dir, FileStore.META_DATA_FILE_NAME)
           ^^^^^^^^^^^^^^^^^^^^^^^^^^^^^^^^^^^^^^^^^^^^^^^^^^^^^^^^^^^^^^^^^^^
  File "/home/mansi_ta/miniconda3/envs/fsds-env/lib/python3.11/site-packages/mlflow/store/tracking/file_store.py", line 1373, in _read_yaml
    return _read_helper(root, file_name, attempts_remaining=retries)
           ^^^^^^^^^^^^^^^^^^^^^^^^^^^^^^^^^^^^^^^^^^^^^^^^^^^^^^^^^
  File "/home/mansi_ta/miniconda3/envs/fsds-env/lib/python3.11/site-packages/mlflow/store/tracking/file_store.py", line 1366, in _read_helper
    result = read_yaml(root, file_name)
             ^^^^^^^^^^^^^^^^^^^^^^^^^^
  File "/home/mansi_ta/miniconda3/envs/fsds-env/lib/python3.11/site-packages/mlflow/utils/file_utils.py", line 310, in read_yaml
    raise MissingConfigException(f"Yaml file '{file_path}' does not exist.")
mlflow.exceptions.MissingConfigException: Yaml file './mlruns/235389369716380414/meta.yaml' does not exist.
2025-05-19 13:36:54,795 - WARNING - Malformed experiment '235389369716380414'. Detailed error Yaml file './mlruns/235389369716380414/meta.yaml' does not exist.
Traceback (most recent call last):
  File "/home/mansi_ta/miniconda3/envs/fsds-env/lib/python3.11/site-packages/mlflow/store/tracking/file_store.py", line 329, in search_experiments
    exp = self._get_experiment(exp_id, view_type)
          ^^^^^^^^^^^^^^^^^^^^^^^^^^^^^^^^^^^^^^^
  File "/home/mansi_ta/miniconda3/envs/fsds-env/lib/python3.11/site-packages/mlflow/store/tracking/file_store.py", line 427, in _get_experiment
    meta = FileStore._read_yaml(experiment_dir, FileStore.META_DATA_FILE_NAME)
           ^^^^^^^^^^^^^^^^^^^^^^^^^^^^^^^^^^^^^^^^^^^^^^^^^^^^^^^^^^^^^^^^^^^
  File "/home/mansi_ta/miniconda3/envs/fsds-env/lib/python3.11/site-packages/mlflow/store/tracking/file_store.py", line 1373, in _read_yaml
    return _read_helper(root, file_name, attempts_remaining=retries)
           ^^^^^^^^^^^^^^^^^^^^^^^^^^^^^^^^^^^^^^^^^^^^^^^^^^^^^^^^^
  File "/home/mansi_ta/miniconda3/envs/fsds-env/lib/python3.11/site-packages/mlflow/store/tracking/file_store.py", line 1366, in _read_helper
    result = read_yaml(root, file_name)
             ^^^^^^^^^^^^^^^^^^^^^^^^^^
  File "/home/mansi_ta/miniconda3/envs/fsds-env/lib/python3.11/site-packages/mlflow/utils/file_utils.py", line 310, in read_yaml
    raise MissingConfigException(f"Yaml file '{file_path}' does not exist.")
mlflow.exceptions.MissingConfigException: Yaml file './mlruns/235389369716380414/meta.yaml' does not exist.
2025-05-19 13:36:54,940 - INFO - Parent run ID:b2c91ea3d2b244e6a6f4fcb6974404b2
2025-05-19 13:36:54,941 - INFO - Doing data ingestion...
2025-05-19 13:36:54,941 - INFO - Starting data ingestion...
2025-05-19 13:36:54,949 - INFO - Fetching house data...
2025-05-19 13:36:55,238 - INFO - Performing stratified split...
2025-05-19 13:36:55,253 - INFO - Storing training and testing set...
2025-05-19 13:36:55,474 - INFO - Ingestion completed...
2025-05-19 13:36:55,476 - INFO - Doing data training...
2025-05-19 13:36:55,476 - INFO - Starting training script...
2025-05-19 13:36:55,477 - INFO - Loading data from outputs/data/train.csv...
2025-05-19 13:36:55,540 - INFO - Training Linear Regression model...
2025-05-19 13:36:58,454 - INFO - Training Random Forest model...
2025-05-19 13:37:53,570 - INFO - Saving Linear Regression model to outputs/model/linear_regression_model.pkl...
2025-05-19 13:37:53,570 - INFO - Saving Random Forest model to outputs/model/random_forest_model.pkl...
2025-05-19 13:37:53,681 - INFO - Model training and saving complete.
2025-05-19 13:37:53,685 - INFO - Scoring the model...
2025-05-19 13:37:53,685 - INFO - Starting model scoring...
2025-05-19 13:37:53,703 - INFO - Loading test dataset from outputs/data/test.csv...
2025-05-19 13:37:53,719 - INFO - Extracting imputer from training preprocessing...
2025-05-19 13:37:53,719 - INFO - Loading Linear Regression model from outputs/model/linear_regression_model.pkl...
2025-05-19 13:37:53,731 - INFO - Loading Random Forest model from outputs/model/random_forest_model.pkl...
2025-05-19 13:37:53,802 - INFO - Linear Regression RMSE: 66913.44
2025-05-19 13:37:53,802 - INFO - Random Forest RMSE: 47830.19
2025-05-19 13:37:53,804 - INFO - Scores written to outputs/metric/model_scores.txt
2025-05-19 13:37:53,809 - INFO - Pipeline execution completed.
